<?xml version="1.0" encoding="UTF-8"?>
<robot generator="Robot 4.1.3 (Python 3.9.7 on win32)" generated="20220204 23:13:15.007" rpa="false" schemaversion="2">
<suite id="s1" name="Tests" source="C:\webjump\tests">
<suite id="s1-s1" name="Exercises" source="C:\webjump\tests\Exercises.robot">
<test id="s1-s1-t1" name="Validar ações em campos diversos">
<kw name="Start Session" library="Base" type="SETUP">
<kw name="New Browser" library="Browser">
<arg>firefox</arg>
<arg>False</arg>
<tag>BrowserControl</tag>
<tag>Setter</tag>
<doc>Create a new playwright Browser with specified options.</doc>
<msg timestamp="20220204 23:13:16.369" level="INFO">{"browser": "firefox", "headless": false, "handleSIGINT": true, "handleSIGTERM": true, "handleSIGHUP": true, "timeout": 30000.0, "devtools": false, "slowMo": 0.0, "tracesDir": "C:\\webjump\\logs\\browser\\traces\\7df05dcc-cf53-4e9c-8dd4-25bbaa53af7f"}</msg>
<msg timestamp="20220204 23:13:18.657" level="INFO">Successfully created browser with options: {"browser":"firefox","headless":false,"handleSIGINT":true,"handleSIGTERM":true,"handleSIGHUP":true,"timeout":30000,"devtools":false,"slowMo":0,"tracesDir":"C:\\webjump\\logs\\browser\\traces\\7df05dcc-cf53-4e9c-8dd4-25bbaa53af7f"}</msg>
<status status="PASS" starttime="20220204 23:13:16.369" endtime="20220204 23:13:18.657"/>
</kw>
<kw name="New Page" library="Browser">
<arg>about:blank</arg>
<tag>BrowserControl</tag>
<tag>Setter</tag>
<doc>Open a new Page.</doc>
<msg timestamp="20220204 23:13:20.234" level="INFO">Successfully initialized new page object and opened url: about:blank</msg>
<msg timestamp="20220204 23:13:20.234" level="INFO">No context was open. New context was automatically opened when this page is created.</msg>
<status status="PASS" starttime="20220204 23:13:18.657" endtime="20220204 23:13:20.234"/>
</kw>
<kw name="Set Viewport Size" library="Browser">
<arg>1920</arg>
<arg>1080</arg>
<tag>BrowserControl</tag>
<tag>Setter</tag>
<doc>Sets current Pages viewport size to specified dimensions.</doc>
<msg timestamp="20220204 23:13:20.271" level="INFO">Set viewport size to: [object Object]</msg>
<status status="PASS" starttime="20220204 23:13:20.234" endtime="20220204 23:13:20.271"/>
</kw>
<kw name="Go To" library="Browser">
<arg>https://wejump-automation-test.github.io/qa-test/</arg>
<tag>BrowserControl</tag>
<tag>Setter</tag>
<doc>Navigates to the given ``url``.</doc>
<msg timestamp="20220204 23:14:19.394" level="INFO">Successfully opened URL https://wejump-automation-test.github.io/qa-test/</msg>
<status status="PASS" starttime="20220204 23:13:20.271" endtime="20220204 23:14:19.394"/>
</kw>
<status status="PASS" starttime="20220204 23:13:16.369" endtime="20220204 23:14:19.394"/>
</kw>
<kw name="Preenche Campo" library="ExercisesActions">
<arg>${IMPUT_FIELDS_YOUR_FIRST_NAME}</arg>
<arg>Victor</arg>
<kw name="Espera Elemento Estar Visível" library="ExercisesActions">
<arg>${campo}</arg>
<kw name="Wait For Elements State" library="Browser">
<arg>${campo}</arg>
<arg>visible</arg>
<arg>5</arg>
<tag>PageContent</tag>
<tag>Wait</tag>
<doc>Waits for the element found by ``selector`` to satisfy state option.</doc>
<msg timestamp="20220204 23:14:19.480" level="INFO">Waited for Element with selector xpath=//div[@id='form_group']/..//input[@id='first_name'] at state visible</msg>
<status status="PASS" starttime="20220204 23:14:19.415" endtime="20220204 23:14:19.481"/>
</kw>
<status status="PASS" starttime="20220204 23:14:19.414" endtime="20220204 23:14:19.481"/>
</kw>
<kw name="Fill Text" library="Browser">
<arg>${campo}</arg>
<arg>${texto}</arg>
<tag>PageContent</tag>
<tag>Setter</tag>
<doc>Clears and fills the given ``txt`` into the text field found by ``selector``.</doc>
<msg timestamp="20220204 23:14:19.481" level="INFO">Fills the text 'Victor' in the given field.</msg>
<status status="PASS" starttime="20220204 23:14:19.481" endtime="20220204 23:14:19.526"/>
</kw>
<status status="PASS" starttime="20220204 23:14:19.409" endtime="20220204 23:14:19.526"/>
</kw>
<kw name="Clica no Campo" library="ExercisesActions">
<arg>${BTN_ONE_BUTTONS}</arg>
<kw name="Espera Elemento Estar Visível" library="ExercisesActions">
<arg>${campo}</arg>
<kw name="Wait For Elements State" library="Browser">
<arg>${campo}</arg>
<arg>visible</arg>
<arg>5</arg>
<tag>PageContent</tag>
<tag>Wait</tag>
<doc>Waits for the element found by ``selector`` to satisfy state option.</doc>
<msg timestamp="20220204 23:14:19.546" level="INFO">Waited for Element with selector xpath=//div[@id='panel_test_one']/..//button[contains(text(),'One')] at state visible</msg>
<status status="PASS" starttime="20220204 23:14:19.526" endtime="20220204 23:14:19.546"/>
</kw>
<status status="PASS" starttime="20220204 23:14:19.526" endtime="20220204 23:14:19.546"/>
</kw>
<kw name="Click" library="Browser">
<arg>${campo}</arg>
<tag>PageContent</tag>
<tag>Setter</tag>
<doc>Simulates mouse click on the element found by ``selector``.</doc>
<status status="PASS" starttime="20220204 23:14:19.546" endtime="20220204 23:14:19.678"/>
</kw>
<status status="PASS" starttime="20220204 23:14:19.526" endtime="20220204 23:14:19.678"/>
</kw>
<kw name="Checkbox Click" library="ExercisesActions">
<arg>${CH_OPTION_THREE_BUTTONS}</arg>
<kw name="Clica no Campo" library="ExercisesActions">
<arg>${campo}</arg>
<kw name="Espera Elemento Estar Visível" library="ExercisesActions">
<arg>${campo}</arg>
<kw name="Wait For Elements State" library="Browser">
<arg>${campo}</arg>
<arg>visible</arg>
<arg>5</arg>
<tag>PageContent</tag>
<tag>Wait</tag>
<doc>Waits for the element found by ``selector`` to satisfy state option.</doc>
<msg timestamp="20220204 23:14:19.688" level="INFO">Waited for Element with selector xpath=//div[@id='panel_test_one']/..//input[@id='opt_three'] at state visible</msg>
<status status="PASS" starttime="20220204 23:14:19.678" endtime="20220204 23:14:19.688"/>
</kw>
<status status="PASS" starttime="20220204 23:14:19.678" endtime="20220204 23:14:19.688"/>
</kw>
<kw name="Click" library="Browser">
<arg>${campo}</arg>
<tag>PageContent</tag>
<tag>Setter</tag>
<doc>Simulates mouse click on the element found by ``selector``.</doc>
<status status="PASS" starttime="20220204 23:14:19.688" endtime="20220204 23:14:19.952"/>
</kw>
<status status="PASS" starttime="20220204 23:14:19.678" endtime="20220204 23:14:19.952"/>
</kw>
<kw name="Get Checkbox State" library="Browser">
<arg>${campo}</arg>
<arg>==</arg>
<arg>checked</arg>
<tag>Assertion</tag>
<tag>Getter</tag>
<tag>PageContent</tag>
<doc>Returns the state of the checkbox found by ``selector``.</doc>
<msg timestamp="20220204 23:14:20.015" level="INFO">Retrieved dom property for element xpath=//div[@id='panel_test_one']/..//input[@id='opt_three'] containing true</msg>
<msg timestamp="20220204 23:14:20.015" level="INFO">Checkbox is checked</msg>
<status status="PASS" starttime="20220204 23:14:19.952" endtime="20220204 23:14:20.015"/>
</kw>
<status status="PASS" starttime="20220204 23:14:19.678" endtime="20220204 23:14:20.016"/>
</kw>
<kw name="Clica no Campo" library="ExercisesActions">
<arg>${CO_OPTION}</arg>
<kw name="Espera Elemento Estar Visível" library="ExercisesActions">
<arg>${campo}</arg>
<kw name="Wait For Elements State" library="Browser">
<arg>${campo}</arg>
<arg>visible</arg>
<arg>5</arg>
<tag>PageContent</tag>
<tag>Wait</tag>
<doc>Waits for the element found by ``selector`` to satisfy state option.</doc>
<msg timestamp="20220204 23:14:20.035" level="INFO">Waited for Element with selector xpath=//div[@id='panel_test_one']/..//select[@id='select_box'] at state visible</msg>
<status status="PASS" starttime="20220204 23:14:20.017" endtime="20220204 23:14:20.035"/>
</kw>
<status status="PASS" starttime="20220204 23:14:20.017" endtime="20220204 23:14:20.036"/>
</kw>
<kw name="Click" library="Browser">
<arg>${campo}</arg>
<tag>PageContent</tag>
<tag>Setter</tag>
<doc>Simulates mouse click on the element found by ``selector``.</doc>
<status status="PASS" starttime="20220204 23:14:20.036" endtime="20220204 23:14:20.146"/>
</kw>
<status status="PASS" starttime="20220204 23:14:20.016" endtime="20220204 23:14:20.146"/>
</kw>
<kw name="Clica no Campo" library="ExercisesActions">
<arg>${CO_OPTION_TWO_BUTTONS}</arg>
<kw name="Espera Elemento Estar Visível" library="ExercisesActions">
<arg>${campo}</arg>
<kw name="Wait For Elements State" library="Browser">
<arg>${campo}</arg>
<arg>visible</arg>
<arg>5</arg>
<tag>PageContent</tag>
<tag>Wait</tag>
<doc>Waits for the element found by ``selector`` to satisfy state option.</doc>
<msg timestamp="20220204 23:14:20.155" level="INFO">Waited for Element with selector xpath=//div[@id='panel_test_one']/..//option[@value='option_two'] at state visible</msg>
<status status="PASS" starttime="20220204 23:14:20.146" endtime="20220204 23:14:20.155"/>
</kw>
<status status="PASS" starttime="20220204 23:14:20.146" endtime="20220204 23:14:20.155"/>
</kw>
<kw name="Click" library="Browser">
<arg>${campo}</arg>
<tag>PageContent</tag>
<tag>Setter</tag>
<doc>Simulates mouse click on the element found by ``selector``.</doc>
<msg timestamp="20220204 23:14:46.802" level="WARN">Keyword 'Take Screenshot  fail-screenshot-{index}' could not be run on failure:
Error: page.screenshot: Target page, context or browser has been closed</msg>
<msg timestamp="20220204 23:14:46.957" level="FAIL">Error: locator.click: Target closed
=========================== logs ===========================
waiting for selector "xpath=//div[@id='panel_test_one']/..//option[@value='option_two']"
  selector resolved to visible &lt;option value="option_two"&gt;ExampleTwo&lt;/option&gt;
attempting click action
  waiting for element to be visible, enabled and stable
  element is visible, enabled and stable
  scrolling into view if needed
  done scrolling
  performing click action
  &lt;select id="select_box"&gt;…&lt;/select&gt; intercepts pointer events
retrying click action, attempt #1
  waiting for element to be visible, enabled and stable
  element is visible, enabled and stable
  scrolling into view if needed
  done scrolling
  performing click action
  &lt;select id="select_box"&gt;…&lt;/select&gt; intercepts pointer events
retrying click action, attempt #2
  waiting 20ms
  waiting for element to be visible, enabled and stable
  element is visible, enabled and stable
  scrolling into view if needed
  done scrolling
  performing click action
  &lt;select id="select_box"&gt;…&lt;/select&gt; intercepts pointer events
retrying click action, attempt #3
  waiting 100ms
  waiting for element to be visible, enabled and stable
  element is visible, enabled and stable
  scrolling into view if needed
  done scrolling
  performing click action
  &lt;select id="select_box"&gt;…&lt;/select&gt; intercepts pointer events
retrying click action, attempt #4
  waiting 100ms
  waiting for element to be visible, enabled and stable
  element is visible, enabled and stable
  scrolling into view if needed
  done scrolling
  performing click action
  &lt;select id="select_box"&gt;…&lt;/select&gt; intercepts pointer events
retrying click action, attempt #5
  waiting 500ms
  waiting for element to be visible, enabled and stable
  element is visible, enabled and stable
  scrolling into view if needed
  done scrolling
  performing click action
  &lt;select id="select_box"&gt;…&lt;/select&gt; intercepts pointer events
retrying click action, attempt #6
  waiting 500ms
  waiting for element to be visible, enabled and stable
  element is visible, enabled and stable
  scrolling into view if needed
  done scrolling
  performing click action
  &lt;select id="select_box"&gt;…&lt;/select&gt; intercepts pointer events
retrying click action, attempt #7
  waiting 500ms
  waiting for element to be visible, enabled and stable
  element is visible, enabled and stable
  scrolling into view if needed
  done scrolling
  performing click action
  &lt;select id="select_box"&gt;…&lt;/select&gt; intercepts pointer events
retrying click action, attempt #8
  waiting 500ms
  waiting for element to be visible, enabled and stable
  element is visible, enabled and stable
  scrolling into view if needed
  done scrolling
  performing click action
  &lt;select id="select_box"&gt;…&lt;/select&gt; intercepts pointer events
retrying click action, attempt #9
  waiting 500ms
  waiting for element to be visible, enabled and stable
  element is visible, enabled and stable
  scrolling into view if needed
  done scrolling
  performing click action
  &lt;select id="select_box"&gt;…&lt;/select&gt; intercepts pointer events
retrying click action, attempt #10
  waiting 500ms
  waiting for element to be visible, enabled and stable
  element is visible, enabled and stable
  scrolling into view if needed
  done scrolling
  performing click action
  &lt;select id="select_box"&gt;…&lt;/select&gt; intercepts pointer events
retrying click action, attempt #11
  waiting 500ms
  waiting for element to be visible, enabled and stable
  element is visible, enabled and stable
  scrolling into view if needed
  done scrolling
  performing click action
  &lt;select id="select_box"&gt;…&lt;/select&gt; intercepts pointer events
retrying click action, attempt #12
  waiting 500ms
  waiting for element to be visible, enabled and stable
  element is visible, enabled and stable
  scrolling into view if needed
  done scrolling
  performing click action
  &lt;select id="select_box"&gt;…&lt;/select&gt; intercepts pointer events
retrying click action, attempt #13
  waiting 500ms
  waiting for element to be visible, enabled and stable
  element is visible, enabled and stable
  scrolling into view if needed
  done scrolling
  performing click action
  &lt;select id="select_box"&gt;…&lt;/select&gt; intercepts pointer events
retrying click action, attempt #14
  waiting 500ms
  waiting for element to be visible, enabled and stable
  element is visible, enabled and stable
  scrolling into view if needed
  done scrolling
  performing click action
  &lt;select id="select_box"&gt;…&lt;/select&gt; intercepts pointer events
retrying click action, attempt #15
  waiting 500ms
  waiting for element to be visible, enabled and stable
  element is visible, enabled and stable
  scrolling into view if needed
  done scrolling
  performing click action
  &lt;select id="select_box"&gt;…&lt;/select&gt; intercepts pointer events
retrying click action, attempt #16
  waiting 500ms
  waiting for element to be visible, enabled and stable
  element is visible, enabled and stable
  scrolling into view if needed
  done scrolling
  performing cli</msg>
<status status="FAIL" starttime="20220204 23:14:20.155" endtime="20220204 23:14:46.959"/>
</kw>
<status status="FAIL" starttime="20220204 23:14:20.146" endtime="20220204 23:14:46.961"/>
</kw>
<kw name="Espera Elemento Estar Visível" library="ExercisesActions">
<arg>${IMG_SELENIUM}</arg>
<status status="NOT RUN" starttime="20220204 23:14:46.962" endtime="20220204 23:14:46.962"/>
</kw>
<kw name="Finish Test" library="Base" type="TEARDOWN">
<kw name="Take Screenshot" library="Browser">
<tag>PageContent</tag>
<doc>Takes a screenshot of the current window or element and saves it to disk.</doc>
<msg timestamp="20220204 23:14:46.982" level="WARN">Keyword 'Take Screenshot  fail-screenshot-{index}' could not be run on failure:
Error: page.screenshot: Target page, context or browser has been closed</msg>
<msg timestamp="20220204 23:14:47.001" level="FAIL">Error: page.screenshot: Target page, context or browser has been closed</msg>
<status status="FAIL" starttime="20220204 23:14:46.964" endtime="20220204 23:14:47.001"/>
</kw>
<status status="FAIL" starttime="20220204 23:14:46.963" endtime="20220204 23:14:47.001">Error: page.screenshot: Target page, context or browser has been closed</status>
</kw>
<tag>ex3</tag>
<status status="FAIL" starttime="20220204 23:13:16.369" endtime="20220204 23:14:47.002">Error: locator.click: Target closed
=========================== logs ===========================
waiting for selector "xpath=//div[@id='panel_test_one']/..//option[@value='option_two']"
  selector resolved to visible &lt;option value="option_two"&gt;ExampleTwo&lt;/option&gt;
attempting click action
  waiting for element to be visible, enabled and stable
  element is visible, enabled and stable
  scrolling into view if needed
  done scrolling
  performing click action
  &lt;select id="select_box"&gt;…&lt;/select&gt; intercepts pointer events
retrying click action, attempt #1
  waiting for element to be visible, enabled and stable
  element is visible, enabled and stable
  scrolling into view if needed
  done scrolling
  performing click action
  &lt;select id="select_box"&gt;…&lt;/select&gt; intercepts pointer events
retrying click action, attempt #2
    [ Message content over the limit has been removed. ]
  element is visible, enabled and stable
  scrolling into view if needed
  done scrolling
  performing click action
  &lt;select id="select_box"&gt;…&lt;/select&gt; intercepts pointer events
retrying click action, attempt #15
  waiting 500ms
  waiting for element to be visible, enabled and stable
  element is visible, enabled and stable
  scrolling into view if needed
  done scrolling
  performing click action
  &lt;select id="select_box"&gt;…&lt;/select&gt; intercepts pointer events
retrying click action, attempt #16
  waiting 500ms
  waiting for element to be visible, enabled and stable
  element is visible, enabled and stable
  scrolling into view if needed
  done scrolling
  performing cli

Also teardown failed:
Error: page.screenshot: Target page, context or browser has been closed</status>
</test>
<doc>Exercises Tests</doc>
<status status="FAIL" starttime="20220204 23:13:15.038" endtime="20220204 23:14:47.057"/>
</suite>
<status status="FAIL" starttime="20220204 23:13:15.007" endtime="20220204 23:14:47.069"/>
</suite>
<statistics>
<total>
<stat pass="0" fail="1" skip="0">All Tests</stat>
</total>
<tag>
<stat pass="0" fail="1" skip="0">ex3</stat>
</tag>
<suite>
<stat pass="0" fail="1" skip="0" id="s1" name="Tests">Tests</stat>
<stat pass="0" fail="1" skip="0" id="s1-s1" name="Exercises">Tests.Exercises</stat>
</suite>
</statistics>
<errors>
<msg timestamp="20220204 23:14:46.802" level="WARN">Keyword 'Take Screenshot  fail-screenshot-{index}' could not be run on failure:
Error: page.screenshot: Target page, context or browser has been closed</msg>
<msg timestamp="20220204 23:14:46.982" level="WARN">Keyword 'Take Screenshot  fail-screenshot-{index}' could not be run on failure:
Error: page.screenshot: Target page, context or browser has been closed</msg>
</errors>
</robot>
